Using pre-set license
Built from '2020.3/release' branch; Version is '2020.3.12f1 (b3b2c6512326) revision 11776710'; Using compiler version '192528614'; Build Type 'Release'
OS: 'Windows 10 Home; OS build 22000.493; Version 2009; 64bit' Language: 'en' Physical Memory: 32530 MB
BatchMode: 1, IsHumanControllingUs: 0, StartBugReporterOnCrash: 0, Is64bit: 1, IsPro: 0

 COMMAND LINE ARGUMENTS:
C:\Program Files\Unity\Hub\Editor\2020.3.12f1\Editor\Unity.exe
-adb2
-batchMode
-noUpm
-name
AssetImportWorker0
-projectPath
C:/Users/firew/Desktop/tempTeachGit/whereispikachu/New Unity Project
-logFile
Logs/AssetImportWorker0.log
-srvPort
59601
Successfully changed project path to: C:/Users/firew/Desktop/tempTeachGit/whereispikachu/New Unity Project
C:/Users/firew/Desktop/tempTeachGit/whereispikachu/New Unity Project
Using Asset Import Pipeline V2.
Refreshing native plugins compatible for Editor in 24.04 ms, found 2 plugins.
Preloading 0 native plugins for Editor in 0.00 ms.
Initialize engine version: 2020.3.12f1 (b3b2c6512326)
[Subsystems] Discovering subsystems at path C:/Program Files/Unity/Hub/Editor/2020.3.12f1/Editor/Data/Resources/UnitySubsystems
[Subsystems] Discovering subsystems at path C:/Users/firew/Desktop/tempTeachGit/whereispikachu/New Unity Project/Assets
GfxDevice: creating device client; threaded=0
Direct3D:
    Version:  Direct3D 11.0 [level 11.1]
    Renderer: NVIDIA GeForce RTX 3080 Laptop GPU (ID=0x24dc)
    Vendor:   
    VRAM:     16202 MB
    Driver:   30.0.14.9649
Initialize mono
Mono path[0] = 'C:/Program Files/Unity/Hub/Editor/2020.3.12f1/Editor/Data/Managed'
Mono path[1] = 'C:/Program Files/Unity/Hub/Editor/2020.3.12f1/Editor/Data/MonoBleedingEdge/lib/mono/unityjit'
Mono config path = 'C:/Program Files/Unity/Hub/Editor/2020.3.12f1/Editor/Data/MonoBleedingEdge/etc'
Using monoOptions --debugger-agent=transport=dt_socket,embedding=1,server=y,suspend=n,address=127.0.0.1:56240
Begin MonoManager ReloadAssembly
Registering precompiled unity dll's ...
Register platform support module: C:/Program Files/Unity/Hub/Editor/2020.3.12f1/Editor/Data/PlaybackEngines/WebGLSupport/UnityEditor.WebGL.Extensions.dll
Register platform support module: C:/Program Files/Unity/Hub/Editor/2020.3.12f1/Editor/Data/PlaybackEngines/WindowsStandaloneSupport/UnityEditor.WindowsStandalone.Extensions.dll
Registered in 0.001636 seconds.
Native extension for WindowsStandalone target not found
Native extension for WebGL target not found
Refreshing native plugins compatible for Editor in 23.34 ms, found 2 plugins.
Preloading 0 native plugins for Editor in 0.00 ms.
Mono: successfully reloaded assembly
- Completed reload, in  0.883 seconds
Platform modules already initialized, skipping
Registering precompiled user dll's ...
Registered in 0.002734 seconds.
Begin MonoManager ReloadAssembly
Native extension for WindowsStandalone target not found
Native extension for WebGL target not found
Refreshing native plugins compatible for Editor in 0.25 ms, found 2 plugins.
Preloading 0 native plugins for Editor in 0.00 ms.
Mono: successfully reloaded assembly
- Completed reload, in  0.824 seconds
Platform modules already initialized, skipping
========================================================================
Worker process is ready to serve import requests
Launched and connected shader compiler UnityShaderCompiler.exe after 0.03 seconds
Refreshing native plugins compatible for Editor in 0.30 ms, found 2 plugins.
Preloading 0 native plugins for Editor in 0.00 ms.
Unloading 1386 Unused Serialized files (Serialized files now loaded: 0)
System memory in use before: 64.6 MB.
System memory in use after: 64.7 MB.

Unloading 19 unused Assets to reduce memory usage. Loaded Objects now: 1819.
Total: 2.061000 ms (FindLiveObjects: 0.256900 ms CreateObjectMapping: 0.099600 ms MarkObjects: 1.632800 ms  DeleteObjects: 0.070400 ms)

AssetImportParameters requested are different than current active one (requested -> active):
  custom:framework-win-MediaFoundation: 216162199b28c13a410421893ffa2e32 -> 
  custom:video-decoder-ogg-theora: a1e56fd34408186e4bbccfd4996cb3dc -> 
  custom:container-muxer-webm: aa71ff27fc2769a1b78a27578f13a17b -> 
  custom:container-demuxer-webm: 4f35f7cbe854078d1ac9338744f61a02 -> 
  custom:container-demuxer-ogg: 62fdf1f143b41e24485cea50d1cbac27 -> 
  custom:video-encoder-webm-vp8: eb34c28f22e8b96e1ab97ce403110664 -> 
  custom:video-codec-MediaFoundation-h265: 746d11721c4dcdbdad8f713fa42b33f4 -> 
  custom:video-decoder-webm-vp8: 9c59270c3fd7afecdb556c50c9e8de78 -> 
  custom:audio-decoder-ogg-vorbis: bf7c407c2cedff20999df2af8eb42d56 -> 
  custom:audio-encoder-webm-vorbis: bf7c407c2cedff20999df2af8eb42d56 -> 
========================================================================
Received Import Request.
  path: Assets/Scenes
  artifactKey: Guid(29b45a5c7dfd69541a6f8462a3c92cfe) Importer(815301076,1909f56bfc062723c751e8b465ee728b)
Start importing Assets/Scenes using Guid(29b45a5c7dfd69541a6f8462a3c92cfe) Importer(815301076,1909f56bfc062723c751e8b465ee728b)  -> (artifact id: '5dc09a4193cd0598a528b7fc0d5b9384') in 0.007857 seconds 
  Import took 0.009812 seconds .

========================================================================
Received Import Request.
  Time since last request: 49.761428 seconds.
  path: Assets/PrefabforMarktoEdit.prefab
  artifactKey: Guid(d42cd9e2c56b5974689d34a67a1c8d8f) Importer(815301076,1909f56bfc062723c751e8b465ee728b)
Start importing Assets/PrefabforMarktoEdit.prefab using Guid(d42cd9e2c56b5974689d34a67a1c8d8f) Importer(815301076,1909f56bfc062723c751e8b465ee728b)  -> (artifact id: 'be5d282231e3d340516e9be47166e1ac') in 0.053266 seconds 
  Import took 0.055841 seconds .

========================================================================
Received Import Request.
  Time since last request: 94.790161 seconds.
  path: Assets/PrefabforMarktoEdit 1.prefab
  artifactKey: Guid(1407dabaa69ee9744bd52518a840cdb9) Importer(815301076,1909f56bfc062723c751e8b465ee728b)
Start importing Assets/PrefabforMarktoEdit 1.prefab using Guid(1407dabaa69ee9744bd52518a840cdb9) Importer(815301076,1909f56bfc062723c751e8b465ee728b)  -> (artifact id: '719ae1b6cf1b4e5c762f4a2116e2f50d') in 0.007347 seconds 
  Import took 0.009442 seconds .

========================================================================
Received Import Request.
  Time since last request: 11.093824 seconds.
  path: Assets/PrefabforBaztoEdit.prefab
  artifactKey: Guid(d42cd9e2c56b5974689d34a67a1c8d8f) Importer(815301076,1909f56bfc062723c751e8b465ee728b)
Start importing Assets/PrefabforBaztoEdit.prefab using Guid(d42cd9e2c56b5974689d34a67a1c8d8f) Importer(815301076,1909f56bfc062723c751e8b465ee728b)  -> (artifact id: '1703beab298e0daa48c5e6a10574abcc') in 0.007919 seconds 
  Import took 0.009880 seconds .

========================================================================
Received Import Request.
  Time since last request: 10.716136 seconds.
  path: Assets/Scenes/BazScene.unity
  artifactKey: Guid(2c11c8f06140a434e822e15e2860e47e) Importer(815301076,1909f56bfc062723c751e8b465ee728b)
Start importing Assets/Scenes/BazScene.unity using Guid(2c11c8f06140a434e822e15e2860e47e) Importer(815301076,1909f56bfc062723c751e8b465ee728b)  -> (artifact id: '90e10e7cf4462c116c72af2018aa1141') in 0.006350 seconds 
  Import took 0.008157 seconds .

AssetImportWorkerClient::OnTransportError - code=2 error=End of file
